#
# An unexpected error has been detected by Java Runtime Environment:
#
#  EXCEPTION_ACCESS_VIOLATION (0xc0000005) at pc=0x6d905eb3, pid=6308, tid=4848
#
# Java VM: Java HotSpot(TM) Client VM (10.0-b22 mixed mode windows-x86)
# Problematic frame:
# V  [jvm.dll+0x95eb3]
#
# If you would like to submit a bug report, please visit:
#   http://java.sun.com/webapps/bugreport/crash.jsp
#

---------------  T H R E A D  ---------------

Current thread (0x0bf59c00):  VMThread [stack: 0x0fd00000,0x0fe00000] [id=4848]

siginfo: ExceptionCode=0xc0000005, reading address 0x0000000c

Registers:
EAX=0x0000000c, EBX=0x1681fcc8, ECX=0x0fdffa10, EDX=0x1681fd84
ESP=0x0fdff7f4, EBP=0x0fdff868, ESI=0x1681fd84, EDI=0x0fdffa10
EIP=0x6d905eb3, EFLAGS=0x00010287

Top of Stack: (sp=0x0fdff7f4)
0x0fdff7f4:   1681fd84 00000028 6d9001aa 1681fd84
0x0fdff804:   1681fcc8 1681ff38 1681ff38 0fdff868
0x0fdff814:   6d8786b4 0000009c 0fdff868 1681fc00
0x0fdff824:   000000ce 6d9efe7d 1681fcc8 0fdff868
0x0fdff834:   1681fc00 000000ce 1681fc00 0bf433d8
0x0fdff844:   1681fc00 1681fe00 6d9efc9b 1681fc00
0x0fdff854:   000000ce 00000000 1681ff38 0fdff868
0x0fdff864:   0bf5a118 6da63174 0bf433d8 16070000 

Instructions: (pc=0x6d905eb3)
0x6d905ea3:   24 08 8b 06 85 c0 57 8b f9 74 55 3b 47 1c 73 50
0x6d905eb3:   8b 08 83 e1 03 80 f9 03 75 1f 8a 0d dd b5 a7 6d 


Stack: [0x0fd00000,0x0fe00000],  sp=0x0fdff7f4,  free space=1021k
Native frames: (J=compiled Java code, j=interpreted, Vv=VM code, C=native code)
V  [jvm.dll+0x95eb3]

VM_Operation (0x1b85b728): GenCollectForAllocation, mode: safepoint, requested by thread 0x1ac26c00


---------------  P R O C E S S  ---------------

Java Threads: ( => current thread )
  0x1ac26c00 JavaThread "Thread-124" [_thread_blocked, id=4920, stack(0x1b760000,0x1b860000)]
  0x1ac25000 JavaThread "StatisticUpdater" [_thread_blocked, id=5284, stack(0x1c160000,0x1c260000)]
  0x1ac24c00 JavaThread "StatisticWorker" [_thread_blocked, id=4340, stack(0x1c260000,0x1c360000)]
  0x1ac24000 JavaThread "MonitorAgentThread" [_thread_blocked, id=6952, stack(0x1b550000,0x1b650000)]
  0x1ac23800 JavaThread "ManagementThread" [_thread_blocked, id=228, stack(0x1b100000,0x1b200000)]
  0x1ac23400 JavaThread "p: default-threadpool; w: Idle" daemon [_thread_blocked, id=5360, stack(0x1c060000,0x1c160000)]
  0x1ac22c00 JavaThread "p: default-threadpool; w: Idle" daemon [_thread_blocked, id=8084, stack(0x1bf60000,0x1c060000)]
  0x1ac1f400 JavaThread "p: default-threadpool; w: Idle" daemon [_thread_blocked, id=3832, stack(0x1be60000,0x1bf60000)]
  0x1ac1ec00 JavaThread "p: default-threadpool; w: Idle" daemon [_thread_blocked, id=5708, stack(0x1bd60000,0x1be60000)]
  0x1abf5c00 JavaThread "SelectorThread" daemon [_thread_in_native, id=6188, stack(0x1bc60000,0x1bd60000)]
  0x1abf6c00 JavaThread "NonExistentCheckWorker4" [_thread_blocked, id=5852, stack(0x1bb60000,0x1bc60000)]
  0x1abf5800 JavaThread "NonExistentCheckWorker3" [_thread_blocked, id=1068, stack(0x1ba60000,0x1bb60000)]
  0x1abf5000 JavaThread "NonExistentCheckWorker2" [_thread_blocked, id=7336, stack(0x1b960000,0x1ba60000)]
  0x1abf4c00 JavaThread "NonExistentCheckWorker1" [_thread_blocked, id=7380, stack(0x1b860000,0x1b960000)]
  0x0bf7e000 JavaThread "Low Memory Detector" daemon [_thread_blocked, id=8132, stack(0x1a770000,0x1a870000)]
  0x0bf79400 JavaThread "CompilerThread0" daemon [_thread_blocked, id=4596, stack(0x1a570000,0x1a670000)]
  0x0bf78c00 JavaThread "Attach Listener" daemon [_thread_blocked, id=6260, stack(0x1a470000,0x1a570000)]
  0x0bf70000 JavaThread "Signal Dispatcher" daemon [_thread_blocked, id=2368, stack(0x1a370000,0x1a470000)]
  0x0bf5d800 JavaThread "Finalizer" daemon [_thread_blocked, id=5760, stack(0x1a170000,0x1a270000)]
  0x0bf5c800 JavaThread "Reference Handler" daemon [_thread_blocked, id=7704, stack(0x0ff00000,0x10000000)]
  0x0698a400 JavaThread "main" [_thread_in_native, id=4736, stack(0x00030000,0x00130000)]

Other Threads:
=>0x0bf59c00 VMThread [stack: 0x0fd00000,0x0fe00000] [id=4848]
  0x0bf88c00 WatcherThread [stack: 0x1a870000,0x1a970000] [id=6852]

VM state:at safepoint (normal execution)

VM Mutex/Monitor currently owned by a thread:  ([mutex/lock_event])
[0x0698af28/0x0000180c] Threads_lock - owner thread: 0x0bf59c00
[0x06989de0/0x0000184c] Heap_lock - owner thread: 0x1ac26c00

Heap
 def new generation   total 960K, used 959K [0x12070000, 0x12170000, 0x12550000)
  eden space 896K,  99% used [0x12070000, 0x1214fc40, 0x12150000)
  from space 64K, 100% used [0x12160000, 0x12170000, 0x12170000)
  to   space 64K,  19% used [0x12150000, 0x121532a0, 0x12160000)
 tenured generation   total 4096K, used 2802K [0x12550000, 0x12950000, 0x16070000)
   the space 4096K,  68% used [0x12550000, 0x1280c848, 0x1280ca00, 0x12950000)
 compacting perm gen  total 12288K, used 9375K [0x16070000, 0x16c70000, 0x1a070000)
   the space 12288K,  76% used [0x16070000, 0x16997dd0, 0x16997e00, 0x16c70000)
No shared spaces configured.

Dynamic libraries:
0x00400000 - 0x04f6b000 	C:\NB_Project\Main\Main.exe
0x77480000 - 0x775bc000 	C:\Windows\SYSTEM32\ntdll.dll
0x75be0000 - 0x75cb4000 	C:\Windows\system32\kernel32.dll
0x75740000 - 0x7578b000 	C:\Windows\system32\KERNELBASE.dll
0x68420000 - 0x68a2c000 	C:\Windows\system32\cvirte.dll
0x73630000 - 0x73662000 	C:\Windows\system32\WINMM.dll
0x762c0000 - 0x7636c000 	C:\Windows\system32\msvcrt.dll
0x761f0000 - 0x762b9000 	C:\Windows\system32\USER32.dll
0x75cc0000 - 0x75d0e000 	C:\Windows\system32\GDI32.dll
0x775c0000 - 0x775ca000 	C:\Windows\system32\LPK.dll
0x775f0000 - 0x7768d000 	C:\Windows\system32\USP10.dll
0x730f0000 - 0x73102000 	C:\Windows\system32\MPR.dll
0x72f50000 - 0x72f55000 	C:\Windows\system32\MSIMG32.dll
0x759d0000 - 0x75a05000 	C:\Windows\system32\WS2_32.dll
0x75f80000 - 0x76022000 	C:\Windows\system32\RPCRT4.dll
0x757f0000 - 0x757f6000 	C:\Windows\system32\NSI.dll
0x717b0000 - 0x71801000 	C:\Windows\system32\WINSPOOL.DRV
0x75d10000 - 0x75db0000 	C:\Windows\system32\ADVAPI32.dll
0x75bc0000 - 0x75bd9000 	C:\Windows\SYSTEM32\sechost.dll
0x76750000 - 0x7739a000 	C:\Windows\system32\SHELL32.dll
0x76190000 - 0x761e7000 	C:\Windows\system32\SHLWAPI.dll
0x76030000 - 0x7618c000 	C:\Windows\system32\ole32.dll
0x773f0000 - 0x7747f000 	C:\Windows\system32\OLEAUT32.dll
0x10000000 - 0x10063000 	C:\NB_Project\Main\ewMII.dll
0x6d870000 - 0x6dac0000 	C:\ewMII\java\jre\bin\client\jvm.dll
0x7c360000 - 0x7c3b6000 	C:\Windows\system32\MSVCR71.dll
0x73b50000 - 0x73b6c000 	C:\Windows\system32\IPHLPAPI.DLL
0x73b30000 - 0x73b37000 	C:\Windows\system32\WINNSI.DLL
0x77690000 - 0x776af000 	C:\Windows\system32\IMM32.DLL
0x76370000 - 0x7643c000 	C:\Windows\system32\MSCTF.dll
0x753c0000 - 0x7540c000 	C:\Windows\system32\apphelp.dll
0x73110000 - 0x73194000 	C:\Windows\WinSxS\x86_microsoft.windows.common-controls_6595b64144ccf1df_5.82.7601.18201_none_ec80f00e8593ece5\Comctl32.dll
0x74060000 - 0x740a0000 	C:\Windows\system32\uxtheme.dll
0x003e0000 - 0x003f6000 	C:\Program Files\Common Files\Portrait Displays\Plugins\DP\msgHook.dll
0x775e0000 - 0x775e5000 	C:\Windows\system32\PSAPI.DLL
0x73580000 - 0x73593000 	C:\Windows\system32\dwmapi.dll
0x75410000 - 0x7541c000 	C:\Windows\system32\CRYPTBASE.dll
0x06670000 - 0x06752000 	C:\Program Files\National Instruments\Shared\Mesa\mesa.dll
0x71ab0000 - 0x71b53000 	C:\Windows\WinSxS\x86_microsoft.vc90.crt_1fc8b3b9a1e18e3b_9.0.30729.6161_none_50934f2ebcb7eb57\MSVCR90.dll
0x68380000 - 0x683f9000 	C:\Windows\system32\mscms.dll
0x74ae0000 - 0x74af7000 	C:\Windows\system32\USERENV.dll
0x75490000 - 0x7549b000 	C:\Windows\system32\profapi.dll
0x74980000 - 0x74989000 	C:\Windows\system32\version.dll
0x67e90000 - 0x67eda000 	C:\Windows\system32\mscoree.dll
0x67e10000 - 0x67e8b000 	C:\Windows\Microsoft.NET\Framework\v4.0.30319\mscoreei.dll
0x72120000 - 0x7212f000 	C:\Windows\Microsoft.NET\Framework\v4.0.30319\fusion.dll
0x67770000 - 0x67e0b000 	C:\Windows\Microsoft.NET\Framework\v4.0.30319\clr.dll
0x67670000 - 0x67743000 	C:\Windows\system32\MSVCR110_CLR0400.dll
0x050c0000 - 0x050d7000 	C:\Windows\system32\cvidotnetv4.0.dll
0x72a80000 - 0x72b3f000 	C:\Windows\system32\MSVCR100.dll
0x5f280000 - 0x602ae000 	C:\Windows\assembly\NativeImages_v4.0.30319_32\mscorlib\ce5f61c5754789df97be8dc991c47d07\mscorlib.ni.dll
0x67560000 - 0x675dd000 	C:\Windows\Microsoft.NET\Framework\v4.0.30319\clrjit.dll
0x74f30000 - 0x74f46000 	C:\Windows\system32\CRYPTSP.dll
0x74cd0000 - 0x74d0b000 	C:\Windows\system32\rsaenh.dll
0x06760000 - 0x0679b000 	C:\Windows\Microsoft.Net\assembly\GAC_32\NationalInstruments.CVI.Reflector\v4.0_13.0.201.2__f83b88e0aaf4fb33\NationalInstruments.CVI.Reflector.dll
0x67ee0000 - 0x67ef2000 	C:\Windows\Microsoft.NET\Framework\v4.0.30319\nlssorting.dll
0x6c1c0000 - 0x6c1d1000 	C:\NB_Project\Main\NiCanWrp.dll
0x52000000 - 0x5200d000 	C:\NB_Project\Main\NICAN.dll
0x52160000 - 0x521a6000 	C:\Windows\system32\NICANfrm.dll
0x64580000 - 0x645e0000 	C:\Windows\system32\NIPALU.dll
0x64500000 - 0x64506000 	C:\Windows\system32\nipalut.dll
0x1f700000 - 0x1f707000 	C:\Windows\system32\NIPAL32.dll
0x75800000 - 0x7599d000 	C:\Windows\system32\SETUPAPI.dll
0x757a0000 - 0x757c7000 	C:\Windows\system32\CFGMGR32.dll
0x75720000 - 0x75732000 	C:\Windows\system32\DEVOBJ.dll
0x52380000 - 0x52386000 	C:\Windows\system32\nicanpu.dll
0x52060000 - 0x52074000 	C:\Windows\system32\NicanCfq.dll
0x520e0000 - 0x520ff000 	C:\Windows\system32\nicanDBA.dll
0x52240000 - 0x52250000 	C:\Windows\system32\NICANTSK.dll
0x63800000 - 0x63812000 	C:\Windows\system32\NiSpyLog.dll
0x71110000 - 0x7119e000 	C:\Windows\WinSxS\x86_microsoft.vc90.crt_1fc8b3b9a1e18e3b_9.0.30729.6161_none_50934f2ebcb7eb57\MSVCP90.dll
0x68020000 - 0x680ee000 	C:\Windows\system32\cviauto.dll
0x76440000 - 0x764c3000 	C:\Windows\system32\CLBCatQ.DLL
0x6be90000 - 0x6bfc3000 	C:\Windows\System32\msxml3.dll
0x75480000 - 0x7548e000 	C:\Windows\system32\RpcRtRemote.dll
0x0bfc0000 - 0x0c011000 	C:\Windows\system32\cvidb32.dll
0x66f40000 - 0x66fcc000 	C:\Windows\system32\ODBC32.dll
0x68340000 - 0x68378000 	C:\Windows\system32\odbcint.dll
0x0d050000 - 0x0d149000 	C:\Program Files\Common Files\System\ado\msado15.dll
0x0c290000 - 0x0c2af000 	C:\Windows\system32\MSDART.DLL
0x66e60000 - 0x66f34000 	C:\Program Files\Common Files\System\Ole DB\oledb32.dll
0x75040000 - 0x75057000 	C:\Windows\system32\bcrypt.dll
0x741b0000 - 0x7434e000 	C:\Windows\WinSxS\x86_microsoft.windows.common-controls_6595b64144ccf1df_6.0.7601.17514_none_41e6975e2bd6f2b2\Comctl32.dll
0x68320000 - 0x68334000 	C:\Program Files\Common Files\System\Ole DB\OLEDB32R.DLL
0x5ec40000 - 0x5ed76000 	C:\Windows\system32\comsvcs.dll
0x73c80000 - 0x73c94000 	C:\Windows\system32\ATL.DLL
0x74c10000 - 0x74c4d000 	C:\Windows\system32\bcryptprimitives.dll
0x65900000 - 0x65995000 	C:\Program Files\Common Files\System\Ole DB\msdasql.dll
0x682d0000 - 0x682e8000 	C:\Program Files\Common Files\System\Ole DB\MSDATL3.dll
0x71b80000 - 0x71b8f000 	C:\Program Files\Common Files\System\Ole DB\MSDASQLR.DLL
0x755c0000 - 0x756e0000 	C:\Windows\system32\CRYPT32.dll
0x75500000 - 0x7550c000 	C:\Windows\system32\MSASN1.dll
0x5ee20000 - 0x5eede000 	C:\Windows\system32\SQLSRV32.dll
0x738a0000 - 0x738b1000 	C:\Windows\system32\NETAPI32.dll
0x73890000 - 0x73899000 	C:\Windows\system32\netutils.dll
0x751d0000 - 0x751e9000 	C:\Windows\system32\srvcli.dll
0x73880000 - 0x7388f000 	C:\Windows\system32\wkscli.dll
0x682b0000 - 0x682ca000 	C:\Windows\system32\sqlsrv32.rll
0x753a0000 - 0x753bb000 	C:\Windows\system32\SspiCli.dll
0x66ae0000 - 0x66afe000 	C:\Windows\system32\odbccp32.dll
0x66ab0000 - 0x66ad1000 	C:\Windows\system32\DBNETLIB.DLL
0x6e6a0000 - 0x6e6a3000 	C:\Windows\system32\security.dll
0x75260000 - 0x75268000 	C:\Windows\system32\SECUR32.DLL
0x74bd0000 - 0x74bd8000 	C:\Windows\system32\credssp.dll
0x74e90000 - 0x74ed2000 	C:\Windows\system32\msv1_0.DLL
0x75120000 - 0x75131000 	C:\Windows\system32\cryptdll.dll
0x70510000 - 0x70528000 	C:\Windows\system32\ntdsapi.dll
0x74ef0000 - 0x74f2c000 	C:\Windows\system32\mswsock.dll
0x74a10000 - 0x74a15000 	C:\Windows\System32\wshtcpip.dll
0x74d40000 - 0x74d7f000 	C:\Windows\system32\schannel.DLL
0x75060000 - 0x75098000 	C:\Windows\system32\ncrypt.dll
0x66a60000 - 0x66a74000 	C:\Program Files\Common Files\System\ado\msadrh15.dll
0x66a20000 - 0x66a58000 	C:\Windows\system32\icm32.dll
0x0de30000 - 0x0e06b000 	C:\Windows\system32\nicaiu.dll
0x6d000000 - 0x6d017000 	C:\Windows\system32\niorbu.dll
0x64600000 - 0x64618000 	C:\Windows\system32\nirpc.dll
0x73260000 - 0x73267000 	C:\Windows\system32\WSOCK32.dll
0x6d280000 - 0x6d2b2000 	C:\Windows\system32\nimdbgu.dll
0x6e2c0000 - 0x6e2dc000 	C:\Windows\system32\nimstsu.dll
0x6db40000 - 0x6df26000 	C:\Windows\system32\nidmxfu.dll
0x0c3f0000 - 0x0c420000 	C:\Windows\system32\nicrtsiu.dll
0x6d0f0000 - 0x6d12d000 	C:\Windows\system32\nimxdfu.dll
0x6e0e0000 - 0x6e1c7000 	C:\Windows\system32\nimhwcfu.dll
0x63550000 - 0x6355b000 	C:\Windows\system32\nimdnsResponder.dll
0x6d050000 - 0x6d06e000 	C:\Windows\system32\nidimu.dll
0x0c490000 - 0x0c499000 	C:\Windows\system32\niprtsiu.dll
0x75db0000 - 0x75f74000 	C:\Windows\system32\WININET.dll
0x75510000 - 0x75514000 	C:\Windows\system32\api-ms-win-downlevel-user32-l1-1-0.dll

VM Arguments:
jvm_args: -Ditac.propsdir=./ -Ditac.ewmii.service.name=EWApiServices -Ditac.ewmii.logfilepath=c:\ewMII\ewMIInative.log -Ditac.ewmii.lcffilepath=c:\ewMII\ewMII.lcf -Ditac.ewmii.debug=true -Ditac.mainclass=com.itac.easyworks.api.client.ewmii.EwApiServices 
java_command: <unknown>
Launcher Type: generic

Environment Variables:
PATH=C:\ewMII\java\jre\bin;C:\ewMII\java\jre\bin\client;C:\Windows\system32;C:\Windows;C:\Windows\System32\Wbem;C:\Windows\System32\WindowsPowerShell\v1.0\;C:\Program Files\Intel\OpenCL SDK\2.0\bin\x86;C:\Program Files\Intel\DMIX;C:\Program Files\IVI Foundation\VISA\WinNT\Bin\;C:\Program Files\IVI Foundation\VISA\WinNT\Bin;C:\Program Files\IVI Foundation\IVI\bin;C:\Program Files\doxygen\bin;C:\Program Files\Common Files\Acronis\SnapAPI\;C:\Program Files\Acronis\CommandLineTool\;C:\Program Files\Common Files\Acronis\TibMounter
USERNAME=nb
OS=Windows_NT
PROCESSOR_IDENTIFIER=x86 Family 6 Model 42 Stepping 7, GenuineIntel



---------------  S Y S T E M  ---------------

OS: Windows NT 6.1 Build 7601 Service Pack 1

CPU:total 4 (8 cores per cpu, 2 threads per core) family 6 model 10 stepping 7, cmov, cx8, fxsr, mmx, sse, sse2, sse3, ssse3, ht

Memory: 4k page, physical 3652700k(2276944k free), swap 4194303k(4194303k free)

vm_info: Java HotSpot(TM) Client VM (10.0-b22) for windows-x86 JRE (1.6.0_06-b02), built on Mar 25 2008 01:22:05 by "java_re" with MS VC++ 7.1

time: Mon Aug 10 15:58:18 2015
elapsed time: 1234 seconds

