#
# An unexpected error has been detected by Java Runtime Environment:
#
#  EXCEPTION_ACCESS_VIOLATION (0xc0000005) at pc=0x6d99f0ba, pid=7020, tid=8048
#
# Java VM: Java HotSpot(TM) Client VM (10.0-b22 mixed mode windows-x86)
# Problematic frame:
# V  [jvm.dll+0x12f0ba]
#
# If you would like to submit a bug report, please visit:
#   http://java.sun.com/webapps/bugreport/crash.jsp
#

---------------  T H R E A D  ---------------

Current thread (0x0cf39800):  VMThread [stack: 0x1ab70000,0x1ac70000] [id=8048]

siginfo: ExceptionCode=0xc0000005, reading address 0x0000000c

Registers:
EAX=0x172fb554, EBX=0x00000043, ECX=0x0000000c, EDX=0x0000124a
ESP=0x1ac6f934, EBP=0x12fb0000, ESI=0x1ba53320, EDI=0x00000023
EIP=0x6d99f0ba, EFLAGS=0x00010206

Top of Stack: (sp=0x1ac6f934)
0x1ac6f934:   16ad0170 172fb3a8 172fb3a0 6d92923a
0x1ac6f944:   6da7f024 6da7f024 0cebf000 0cf39800
0x1ac6f954:   0cec2420 0cf39f68 0cf39fa8 0cf3a35c
0x1ac6f964:   1ac6fb3c 6d9abf3a 172fb3a0 6d9ac31a
0x1ac6f974:   00000003 6d9ffb91 6da97d30 6da7f024
0x1ac6f984:   6da7f024 6da1b02d 6da7f024 6da7f024
0x1ac6f994:   0cebf000 0cebf000 6d9e399b 6da7f024
0x1ac6f9a4:   00000000 6da7f024 6da7f024 0cebf000 

Instructions: (pc=0x6d99f0ba)
0x6d99f0aa:   8b 08 8b 46 04 8d 04 b8 03 c1 8b 08 85 c9 74 13
0x6d99f0ba:   8b 09 83 e1 03 80 f9 03 74 09 50 e8 96 d1 00 00 


Stack: [0x1ab70000,0x1ac70000],  sp=0x1ac6f934,  free space=1022k
Native frames: (J=compiled Java code, j=interpreted, Vv=VM code, C=native code)
V  [jvm.dll+0x12f0ba]

VM_Operation (0x1f6ff8d8): GenCollectForAllocation, mode: safepoint, requested by thread 0x1bcdc000


---------------  P R O C E S S  ---------------

Java Threads: ( => current thread )
  0x1bcdd000 JavaThread "NameServerCheck3" [_thread_blocked, id=7988, stack(0x1f810000,0x1f910000)]
  0x1bcdd800 JavaThread "NameServerCheck2" [_thread_blocked, id=6492, stack(0x1f710000,0x1f810000)]
  0x1bcdc000 JavaThread "NameServerCheck1" [_thread_blocked, id=7576, stack(0x1f600000,0x1f700000)]
  0x1bcdb800 JavaThread "Keep-Alive-Timer" daemon [_thread_blocked, id=7616, stack(0x1f910000,0x1fa10000)]
  0x1bcdcc00 JavaThread "StatisticUpdater" [_thread_blocked, id=3520, stack(0x1d2c0000,0x1d3c0000)]
  0x1bcdc400 JavaThread "StatisticWorker" [_thread_blocked, id=3756, stack(0x1d1c0000,0x1d2c0000)]
  0x1bcdb400 JavaThread "MonitorAgentThread" [_thread_blocked, id=692, stack(0x1c5c0000,0x1c6c0000)]
  0x1bcdac00 JavaThread "ManagementThread" [_thread_blocked, id=756, stack(0x1c4c0000,0x1c5c0000)]
  0x1bcda800 JavaThread "p: default-threadpool; w: Idle" daemon [_thread_blocked, id=6624, stack(0x1cec0000,0x1cfc0000)]
  0x1bcda400 JavaThread "p: default-threadpool; w: Idle" daemon [_thread_blocked, id=7244, stack(0x1cdc0000,0x1cec0000)]
  0x1bcd9c00 JavaThread "p: default-threadpool; w: Idle" daemon [_thread_blocked, id=2092, stack(0x1ccc0000,0x1cdc0000)]
  0x1bcd9800 JavaThread "p: default-threadpool; w: Idle" daemon [_thread_blocked, id=5704, stack(0x1cbc0000,0x1ccc0000)]
  0x1bcd9000 JavaThread "SelectorThread" daemon [_thread_in_native, id=6356, stack(0x1cac0000,0x1cbc0000)]
  0x1bcd3800 JavaThread "NonExistentCheckWorker4" [_thread_blocked, id=3372, stack(0x1c9c0000,0x1cac0000)]
  0x1bcd2c00 JavaThread "NonExistentCheckWorker3" [_thread_blocked, id=1904, stack(0x1c8c0000,0x1c9c0000)]
  0x1bcd2400 JavaThread "NonExistentCheckWorker2" [_thread_blocked, id=1900, stack(0x1c7c0000,0x1c8c0000)]
  0x1bcd2000 JavaThread "NonExistentCheckWorker1" [_thread_blocked, id=6852, stack(0x1c6c0000,0x1c7c0000)]
  0x0cf5a800 JavaThread "Low Memory Detector" daemon [_thread_blocked, id=3704, stack(0x1b750000,0x1b850000)]
  0x0cf59000 JavaThread "CompilerThread0" daemon [_thread_blocked, id=6328, stack(0x1b650000,0x1b750000)]
  0x0cf58800 JavaThread "Attach Listener" daemon [_thread_blocked, id=7520, stack(0x1b070000,0x1b170000)]
  0x0cf50000 JavaThread "Signal Dispatcher" daemon [_thread_blocked, id=7120, stack(0x1af70000,0x1b070000)]
  0x0cf3d400 JavaThread "Finalizer" daemon [_thread_blocked, id=4656, stack(0x1ad70000,0x1ae70000)]
  0x0cf3c800 JavaThread "Reference Handler" daemon [_thread_blocked, id=4816, stack(0x1ac70000,0x1ad70000)]
  0x0670b800 JavaThread "main" [_thread_in_native, id=6500, stack(0x00030000,0x00130000)]

Other Threads:
=>0x0cf39800 VMThread [stack: 0x1ab70000,0x1ac70000] [id=8048]
  0x0cf60800 WatcherThread [stack: 0x1b950000,0x1ba50000] [id=8052]

VM state:at safepoint (normal execution)

VM Mutex/Monitor currently owned by a thread:  ([mutex/lock_event])
[0x0670a728/0x00001804] Threads_lock - owner thread: 0x0cf39800
[0x06709ac8/0x00001844] Heap_lock - owner thread: 0x1bcdc000

Heap
 def new generation   total 960K, used 64K [0x12ad0000, 0x12bd0000, 0x12fb0000)
  eden space 896K,   0% used [0x12ad0000, 0x12ad0000, 0x12bb0000)
  from space 64K, 100% used [0x12bc0000, 0x12bd0000, 0x12bd0000)
  to   space 64K,   0% used [0x12bb0000, 0x12bb0000, 0x12bc0000)
 tenured generation   total 4096K, used 4088K [0x12fb0000, 0x133b0000, 0x16ad0000)
   the space 4096K,  99% used [0x12fb0000, 0x133ae2d8, 0x133ae400, 0x133b0000)
 compacting perm gen  total 12288K, used 9355K [0x16ad0000, 0x176d0000, 0x1aad0000)
   the space 12288K,  76% used [0x16ad0000, 0x173f2cf0, 0x173f2e00, 0x176d0000)
No shared spaces configured.

Dynamic libraries:
0x00400000 - 0x04f6b000 	C:\NB_Project\Main\Main.exe
0x76f70000 - 0x770ac000 	C:\Windows\SYSTEM32\ntdll.dll
0x76770000 - 0x76844000 	C:\Windows\system32\kernel32.dll
0x75090000 - 0x750db000 	C:\Windows\system32\KERNELBASE.dll
0x68420000 - 0x68a2c000 	C:\Windows\system32\cvirte.dll
0x73540000 - 0x73572000 	C:\Windows\system32\WINMM.dll
0x76bf0000 - 0x76c9c000 	C:\Windows\system32\msvcrt.dll
0x763f0000 - 0x764b9000 	C:\Windows\system32\USER32.dll
0x752e0000 - 0x7532e000 	C:\Windows\system32\GDI32.dll
0x75490000 - 0x7549a000 	C:\Windows\system32\LPK.dll
0x76ed0000 - 0x76f6d000 	C:\Windows\system32\USP10.dll
0x6f790000 - 0x6f7a2000 	C:\Windows\system32\MPR.dll
0x730b0000 - 0x730b5000 	C:\Windows\system32\MSIMG32.dll
0x76220000 - 0x76255000 	C:\Windows\system32\WS2_32.dll
0x76170000 - 0x76212000 	C:\Windows\system32\RPCRT4.dll
0x77190000 - 0x77196000 	C:\Windows\system32\NSI.dll
0x71870000 - 0x718c1000 	C:\Windows\system32\WINSPOOL.DRV
0x770f0000 - 0x77190000 	C:\Windows\system32\ADVAPI32.dll
0x75500000 - 0x75519000 	C:\Windows\SYSTEM32\sechost.dll
0x75520000 - 0x7616a000 	C:\Windows\system32\SHELL32.dll
0x764c0000 - 0x76517000 	C:\Windows\system32\SHLWAPI.dll
0x76260000 - 0x763bc000 	C:\Windows\system32\ole32.dll
0x76ca0000 - 0x76d2f000 	C:\Windows\system32\OLEAUT32.dll
0x10000000 - 0x10063000 	C:\NB_Project\Main\ewMII.dll
0x6d870000 - 0x6dac0000 	C:\ewMII\java\jre\bin\client\jvm.dll
0x7c360000 - 0x7c3b6000 	C:\Windows\system32\MSVCR71.dll
0x73050000 - 0x7306c000 	C:\Windows\system32\IPHLPAPI.DLL
0x73040000 - 0x73047000 	C:\Windows\system32\WINNSI.DLL
0x770d0000 - 0x770ef000 	C:\Windows\system32\IMM32.DLL
0x753c0000 - 0x7548c000 	C:\Windows\system32\MSCTF.dll
0x74eb0000 - 0x74efc000 	C:\Windows\system32\apphelp.dll
0x70770000 - 0x707f4000 	C:\Windows\WinSxS\x86_microsoft.windows.common-controls_6595b64144ccf1df_5.82.7601.18201_none_ec80f00e8593ece5\Comctl32.dll
0x73800000 - 0x73840000 	C:\Windows\system32\uxtheme.dll
0x05d00000 - 0x05d16000 	C:\Program Files\Common Files\Portrait Displays\Plugins\DP\msgHook.dll
0x770b0000 - 0x770b5000 	C:\Windows\system32\PSAPI.DLL
0x734a0000 - 0x734b3000 	C:\Windows\system32\dwmapi.dll
0x74f00000 - 0x74f0c000 	C:\Windows\system32\CRYPTBASE.dll
0x06550000 - 0x06632000 	C:\Program Files\National Instruments\Shared\Mesa\mesa.dll
0x715f0000 - 0x71693000 	C:\Windows\WinSxS\x86_microsoft.vc90.crt_1fc8b3b9a1e18e3b_9.0.30729.6161_none_50934f2ebcb7eb57\MSVCR90.dll
0x6c480000 - 0x6c4f9000 	C:\Windows\system32\mscms.dll
0x745d0000 - 0x745e7000 	C:\Windows\system32\USERENV.dll
0x74f80000 - 0x74f8b000 	C:\Windows\system32\profapi.dll
0x74470000 - 0x74479000 	C:\Windows\system32\version.dll
0x6c6e0000 - 0x6c72a000 	C:\Windows\system32\mscoree.dll
0x6c660000 - 0x6c6db000 	C:\Windows\Microsoft.NET\Framework\v4.0.30319\mscoreei.dll
0x6f8a0000 - 0x6f8af000 	C:\Windows\Microsoft.NET\Framework\v4.0.30319\fusion.dll
0x6b9a0000 - 0x6c03b000 	C:\Windows\Microsoft.NET\Framework\v4.0.30319\clr.dll
0x6c580000 - 0x6c653000 	C:\Windows\system32\MSVCR110_CLR0400.dll
0x05f40000 - 0x05f57000 	C:\Windows\system32\cvidotnetv4.0.dll
0x6c040000 - 0x6c0ff000 	C:\Windows\system32\MSVCR100.dll
0x0b820000 - 0x0c84e000 	C:\Windows\assembly\NativeImages_v4.0.30319_32\mscorlib\ce5f61c5754789df97be8dc991c47d07\mscorlib.ni.dll
0x6c500000 - 0x6c57d000 	C:\Windows\Microsoft.NET\Framework\v4.0.30319\clrjit.dll
0x74a20000 - 0x74a36000 	C:\Windows\system32\CRYPTSP.dll
0x747c0000 - 0x747fb000 	C:\Windows\system32\rsaenh.dll
0x09100000 - 0x0913b000 	C:\Windows\Microsoft.Net\assembly\GAC_32\NationalInstruments.CVI.Reflector\v4.0_13.0.201.2__f83b88e0aaf4fb33\NationalInstruments.CVI.Reflector.dll
0x6ce30000 - 0x6ce42000 	C:\Windows\Microsoft.NET\Framework\v4.0.30319\nlssorting.dll
0x6ce80000 - 0x6ce91000 	C:\NB_Project\Main\NiCanWrp.dll
0x52000000 - 0x5200d000 	C:\NB_Project\Main\NICAN.dll
0x52160000 - 0x521a6000 	C:\Windows\system32\NICANfrm.dll
0x64580000 - 0x645e0000 	C:\Windows\system32\NIPALU.dll
0x64500000 - 0x64506000 	C:\Windows\system32\nipalut.dll
0x1f700000 - 0x1f707000 	C:\Windows\system32\NIPAL32.dll
0x76d30000 - 0x76ecd000 	C:\Windows\system32\SETUPAPI.dll
0x75260000 - 0x75287000 	C:\Windows\system32\CFGMGR32.dll
0x752b0000 - 0x752c2000 	C:\Windows\system32\DEVOBJ.dll
0x52380000 - 0x52386000 	C:\Windows\system32\nicanpu.dll
0x52060000 - 0x52074000 	C:\Windows\system32\NicanCfq.dll
0x520e0000 - 0x520ff000 	C:\Windows\system32\nicanDBA.dll
0x52240000 - 0x52250000 	C:\Windows\system32\NICANTSK.dll
0x63800000 - 0x63812000 	C:\Windows\system32\NiSpyLog.dll
0x71210000 - 0x7129e000 	C:\Windows\WinSxS\x86_microsoft.vc90.crt_1fc8b3b9a1e18e3b_9.0.30729.6161_none_50934f2ebcb7eb57\MSVCP90.dll
0x68020000 - 0x680ee000 	C:\Windows\system32\cviauto.dll
0x75330000 - 0x753b3000 	C:\Windows\system32\CLBCatQ.DLL
0x6e420000 - 0x6e553000 	C:\Windows\System32\msxml3.dll
0x74f70000 - 0x74f7e000 	C:\Windows\system32\RpcRtRemote.dll
0x0d360000 - 0x0d3b1000 	C:\Windows\system32\cvidb32.dll
0x6c3f0000 - 0x6c47c000 	C:\Windows\system32\ODBC32.dll
0x6c300000 - 0x6c338000 	C:\Windows\system32\odbcint.dll
0x6b710000 - 0x6b809000 	C:\Program Files\Common Files\System\ado\msado15.dll
0x6c2e0000 - 0x6c2ff000 	C:\Windows\system32\MSDART.DLL
0x6b830000 - 0x6b904000 	C:\Program Files\Common Files\System\Ole DB\oledb32.dll
0x74b30000 - 0x74b47000 	C:\Windows\system32\bcrypt.dll
0x73880000 - 0x73a1e000 	C:\Windows\WinSxS\x86_microsoft.windows.common-controls_6595b64144ccf1df_6.0.7601.17514_none_41e6975e2bd6f2b2\Comctl32.dll
0x6c290000 - 0x6c2a4000 	C:\Program Files\Common Files\System\Ole DB\OLEDB32R.DLL
0x69220000 - 0x69356000 	C:\Windows\system32\comsvcs.dll
0x73d50000 - 0x73d64000 	C:\Windows\system32\ATL.DLL
0x74700000 - 0x7473d000 	C:\Windows\system32\bcryptprimitives.dll
0x67c20000 - 0x67cb5000 	C:\Program Files\Common Files\System\Ole DB\msdasql.dll
0x6c240000 - 0x6c258000 	C:\Program Files\Common Files\System\Ole DB\MSDATL3.dll
0x6f040000 - 0x6f04f000 	C:\Program Files\Common Files\System\Ole DB\MSDASQLR.DLL
0x750e0000 - 0x75200000 	C:\Windows\system32\CRYPT32.dll
0x74ff0000 - 0x74ffc000 	C:\Windows\system32\MSASN1.dll
0x67840000 - 0x678fe000 	C:\Windows\system32\SQLSRV32.dll
0x73230000 - 0x73241000 	C:\Windows\system32\NETAPI32.dll
0x73220000 - 0x73229000 	C:\Windows\system32\netutils.dll
0x74cc0000 - 0x74cd9000 	C:\Windows\system32\srvcli.dll
0x73210000 - 0x7321f000 	C:\Windows\system32\wkscli.dll
0x6c1b0000 - 0x6c1ca000 	C:\Windows\system32\sqlsrv32.rll
0x74e90000 - 0x74eab000 	C:\Windows\system32\SspiCli.dll
0x6b980000 - 0x6b99e000 	C:\Windows\system32\odbccp32.dll
0x6b630000 - 0x6b651000 	C:\Windows\system32\DBNETLIB.DLL
0x700b0000 - 0x700b3000 	C:\Windows\system32\security.dll
0x74d50000 - 0x74d58000 	C:\Windows\system32\SECUR32.DLL
0x746c0000 - 0x746c8000 	C:\Windows\system32\credssp.dll
0x74980000 - 0x749c2000 	C:\Windows\system32\msv1_0.DLL
0x74c10000 - 0x74c21000 	C:\Windows\system32\cryptdll.dll
0x70550000 - 0x70568000 	C:\Windows\system32\ntdsapi.dll
0x749e0000 - 0x74a1c000 	C:\Windows\system32\mswsock.dll
0x74500000 - 0x74505000 	C:\Windows\System32\wshtcpip.dll
0x74830000 - 0x7486f000 	C:\Windows\system32\schannel.DLL
0x74b50000 - 0x74b88000 	C:\Windows\system32\ncrypt.dll
0x6b960000 - 0x6b974000 	C:\Program Files\Common Files\System\ado\msadrh15.dll
0x68f30000 - 0x68f68000 	C:\Windows\system32\icm32.dll
0x0ea10000 - 0x0ec4b000 	C:\Windows\system32\nicaiu.dll
0x6d000000 - 0x6d017000 	C:\Windows\system32\niorbu.dll
0x64600000 - 0x64618000 	C:\Windows\system32\nirpc.dll
0x71730000 - 0x71737000 	C:\Windows\system32\WSOCK32.dll
0x6d280000 - 0x6d2b2000 	C:\Windows\system32\nimdbgu.dll
0x6e2c0000 - 0x6e2dc000 	C:\Windows\system32\nimstsu.dll
0x6db40000 - 0x6df26000 	C:\Windows\system32\nidmxfu.dll
0x0de60000 - 0x0de90000 	C:\Windows\system32\nicrtsiu.dll
0x6d0f0000 - 0x6d12d000 	C:\Windows\system32\nimxdfu.dll
0x6e0e0000 - 0x6e1c7000 	C:\Windows\system32\nimhwcfu.dll
0x63550000 - 0x6355b000 	C:\Windows\system32\nimdnsResponder.dll
0x6d050000 - 0x6d06e000 	C:\Windows\system32\nidimu.dll
0x0e070000 - 0x0e079000 	C:\Windows\system32\niprtsiu.dll
0x76520000 - 0x766e4000 	C:\Windows\system32\WININET.dll
0x75210000 - 0x75214000 	C:\Windows\system32\api-ms-win-downlevel-user32-l1-1-0.dll

VM Arguments:
jvm_args: -Ditac.propsdir=./ -Ditac.ewmii.service.name=EWApiServices -Ditac.ewmii.logfilepath=c:\ewMII\ewMIInative.log -Ditac.ewmii.lcffilepath=c:\ewMII\ewMII.lcf -Ditac.ewmii.debug=true -Ditac.mainclass=com.itac.easyworks.api.client.ewmii.EwApiServices 
java_command: <unknown>
Launcher Type: generic

Environment Variables:
PATH=C:\ewMII\java\jre\bin;C:\ewMII\java\jre\bin\client;C:\Windows\system32;C:\Windows;C:\Windows\System32\Wbem;C:\Windows\System32\WindowsPowerShell\v1.0\;C:\Program Files\Intel\OpenCL SDK\2.0\bin\x86;C:\Program Files\Intel\DMIX;C:\Program Files\IVI Foundation\VISA\WinNT\Bin\;C:\Program Files\IVI Foundation\VISA\WinNT\Bin;C:\Program Files\IVI Foundation\IVI\bin;C:\Program Files\doxygen\bin
USERNAME=nb
OS=Windows_NT
PROCESSOR_IDENTIFIER=x86 Family 6 Model 42 Stepping 7, GenuineIntel



---------------  S Y S T E M  ---------------

OS: Windows NT 6.1 Build 7601 Service Pack 1

CPU:total 4 (8 cores per cpu, 2 threads per core) family 6 model 10 stepping 7, cmov, cx8, fxsr, mmx, sse, sse2, sse3, ssse3, ht

Memory: 4k page, physical 3652700k(2253520k free), swap 4194303k(4194303k free)

vm_info: Java HotSpot(TM) Client VM (10.0-b22) for windows-x86 JRE (1.6.0_06-b02), built on Mar 25 2008 01:22:05 by "java_re" with MS VC++ 7.1

time: Tue Jun 30 05:40:04 2015
elapsed time: 126 seconds

